2018-04-20 15:08:52.436  INFO 4090 --- [main] c.course.springbootstarter.CourseApiApp  : Starting CourseApiApp v1.0-SNAPSHOT on wisty-Lenovo-G405 with PID 4090 (/home/wisty/github.com/tutnatha/lpmp-prov-bali-assetmgmnt-20-apr-2018/target/lpmp-prov-bali-aset-mgnt-1.0-SNAPSHOT.jar started by wisty in /home/wisty/github.com/tutnatha/lpmp-prov-bali-assetmgmnt-20-apr-2018/target)
2018-04-20 15:08:52.463  INFO 4090 --- [main] c.course.springbootstarter.CourseApiApp  : No active profile set, falling back to default profiles: default
2018-04-20 15:08:52.897  INFO 4090 --- [main] ationConfigEmbeddedWebApplicationContext : Refreshing org.springframework.boot.context.embedded.AnnotationConfigEmbeddedWebApplicationContext@1ab930d: startup date [Fri Apr 20 15:08:52 WITA 2018]; root of context hierarchy
2018-04-20 15:09:03.851  INFO 4090 --- [main] trationDelegate$BeanPostProcessorChecker : Bean 'org.springframework.transaction.annotation.ProxyTransactionManagementConfiguration' of type [class org.springframework.transaction.annotation.ProxyTransactionManagementConfiguration$$EnhancerBySpringCGLIB$$899278dd] is not eligible for getting processed by all BeanPostProcessors (for example: not eligible for auto-proxying)
2018-04-20 15:09:04.224  INFO 4090 --- [main] trationDelegate$BeanPostProcessorChecker : Bean 'org.springframework.security.config.annotation.configuration.ObjectPostProcessorConfiguration' of type [class org.springframework.security.config.annotation.configuration.ObjectPostProcessorConfiguration$$EnhancerBySpringCGLIB$$22404117] is not eligible for getting processed by all BeanPostProcessors (for example: not eligible for auto-proxying)
2018-04-20 15:09:04.293  INFO 4090 --- [main] trationDelegate$BeanPostProcessorChecker : Bean 'objectPostProcessor' of type [class org.springframework.security.config.annotation.configuration.AutowireBeanFactoryObjectPostProcessor] is not eligible for getting processed by all BeanPostProcessors (for example: not eligible for auto-proxying)
2018-04-20 15:09:04.302  INFO 4090 --- [main] trationDelegate$BeanPostProcessorChecker : Bean 'org.springframework.security.access.expression.method.DefaultMethodSecurityExpressionHandler@1018215' of type [class org.springframework.security.access.expression.method.DefaultMethodSecurityExpressionHandler] is not eligible for getting processed by all BeanPostProcessors (for example: not eligible for auto-proxying)
2018-04-20 15:09:04.355  INFO 4090 --- [main] trationDelegate$BeanPostProcessorChecker : Bean 'org.springframework.security.config.annotation.method.configuration.GlobalMethodSecurityConfiguration' of type [class org.springframework.security.config.annotation.method.configuration.GlobalMethodSecurityConfiguration$$EnhancerBySpringCGLIB$$4714e3c9] is not eligible for getting processed by all BeanPostProcessors (for example: not eligible for auto-proxying)
2018-04-20 15:09:04.464  INFO 4090 --- [main] trationDelegate$BeanPostProcessorChecker : Bean 'methodSecurityMetadataSource' of type [class org.springframework.security.access.method.DelegatingMethodSecurityMetadataSource] is not eligible for getting processed by all BeanPostProcessors (for example: not eligible for auto-proxying)
2018-04-20 15:09:08.311  INFO 4090 --- [main] s.b.c.e.t.TomcatEmbeddedServletContainer : Tomcat initialized with port(s): 8080 (http)
2018-04-20 15:09:08.404  INFO 4090 --- [main] o.apache.catalina.core.StandardService   : Starting service Tomcat
2018-04-20 15:09:08.409  INFO 4090 --- [main] org.apache.catalina.core.StandardEngine  : Starting Servlet Engine: Apache Tomcat/8.5.6
2018-04-20 15:09:09.129  INFO 4090 --- [localhost-startStop-1] o.a.c.c.C.[Tomcat].[localhost].[/]       : Initializing Spring embedded WebApplicationContext
2018-04-20 15:09:09.132  INFO 4090 --- [localhost-startStop-1] o.s.web.context.ContextLoader            : Root WebApplicationContext: initialization completed in 16249 ms
2018-04-20 15:09:10.479  INFO 4090 --- [localhost-startStop-1] o.s.b.w.servlet.FilterRegistrationBean   : Mapping filter: 'characterEncodingFilter' to: [/*]
2018-04-20 15:09:10.482  INFO 4090 --- [localhost-startStop-1] o.s.b.w.servlet.FilterRegistrationBean   : Mapping filter: 'hiddenHttpMethodFilter' to: [/*]
2018-04-20 15:09:10.485  INFO 4090 --- [localhost-startStop-1] o.s.b.w.servlet.FilterRegistrationBean   : Mapping filter: 'httpPutFormContentFilter' to: [/*]
2018-04-20 15:09:10.487  INFO 4090 --- [localhost-startStop-1] o.s.b.w.servlet.FilterRegistrationBean   : Mapping filter: 'requestContextFilter' to: [/*]
2018-04-20 15:09:10.492  INFO 4090 --- [localhost-startStop-1] .s.DelegatingFilterProxyRegistrationBean : Mapping filter: 'springSecurityFilterChain' to: [/*]
2018-04-20 15:09:10.494  INFO 4090 --- [localhost-startStop-1] o.s.b.w.servlet.ServletRegistrationBean  : Mapping servlet: 'dispatcherServlet' to [/]
2018-04-20 15:09:13.369  INFO 4090 --- [main] j.LocalContainerEntityManagerFactoryBean : Building JPA container EntityManagerFactory for persistence unit 'default'
2018-04-20 15:09:13.505  INFO 4090 --- [main] o.hibernate.jpa.internal.util.LogHelper  : HHH000204: Processing PersistenceUnitInfo [
	name: default
	...]
2018-04-20 15:09:14.209  INFO 4090 --- [main] org.hibernate.Version                    : HHH000412: Hibernate Core {5.0.11.Final}
2018-04-20 15:09:14.219  INFO 4090 --- [main] org.hibernate.cfg.Environment            : HHH000206: hibernate.properties not found
2018-04-20 15:09:14.230  INFO 4090 --- [main] org.hibernate.cfg.Environment            : HHH000021: Bytecode provider name : javassist
2018-04-20 15:09:14.774  INFO 4090 --- [main] o.hibernate.annotations.common.Version   : HCANN000001: Hibernate Commons Annotations {5.0.1.Final}
2018-04-20 15:09:16.430  INFO 4090 --- [main] org.hibernate.dialect.Dialect            : HHH000400: Using dialect: org.hibernate.dialect.MySQLDialect
2018-04-20 15:09:18.654  WARN 4090 --- [main] org.hibernate.mapping.RootClass          : HHH000038: Composite-id class does not override equals(): com.course.springbootstarter.daftarhunian.asrama.DaftarHunianAsramaDtl$MyCompositePK
2018-04-20 15:09:18.655  WARN 4090 --- [main] org.hibernate.mapping.RootClass          : HHH000039: Composite-id class does not override hashCode(): com.course.springbootstarter.daftarhunian.asrama.DaftarHunianAsramaDtl$MyCompositePK
2018-04-20 15:09:21.334  INFO 4090 --- [main] org.hibernate.tool.hbm2ddl.SchemaUpdate  : HHH000228: Running hbm2ddl schema update
2018-04-20 15:09:22.484  INFO 4090 --- [main] o.h.h.i.QueryTranslatorFactoryInitiator  : HHH000397: Using ASTQueryTranslatorFactory
2018-04-20 15:09:23.524  INFO 4090 --- [main] j.LocalContainerEntityManagerFactoryBean : Initialized JPA EntityManagerFactory for persistence unit 'default'
2018-04-20 15:09:31.267  INFO 4090 --- [main] o.s.s.web.DefaultSecurityFilterChain     : Creating filter chain: org.springframework.security.web.util.matcher.AnyRequestMatcher@1, [org.springframework.security.web.context.request.async.WebAsyncManagerIntegrationFilter@efcf8a, org.springframework.security.web.context.SecurityContextPersistenceFilter@10d0ea6, org.springframework.security.web.header.HeaderWriterFilter@709809, org.springframework.security.web.authentication.logout.LogoutFilter@ba372c, org.springframework.security.web.authentication.www.BasicAuthenticationFilter@16c290, org.springframework.security.web.savedrequest.RequestCacheAwareFilter@107f42, org.springframework.security.web.servletapi.SecurityContextHolderAwareRequestFilter@76aac9, org.springframework.security.web.authentication.AnonymousAuthenticationFilter@138fc5, org.springframework.security.web.session.SessionManagementFilter@f360b2, org.springframework.security.web.access.ExceptionTranslationFilter@e76500, org.springframework.security.web.access.intercept.FilterSecurityInterceptor@77f0f4]
2018-04-20 15:09:32.107  INFO 4090 --- [main] s.w.s.m.m.a.RequestMappingHandlerAdapter : Looking for @ControllerAdvice: org.springframework.boot.context.embedded.AnnotationConfigEmbeddedWebApplicationContext@1ab930d: startup date [Fri Apr 20 15:08:52 WITA 2018]; root of context hierarchy
2018-04-20 15:09:32.647  INFO 4090 --- [main] s.w.s.m.m.a.RequestMappingHandlerMapping : Mapped "{[/user/daftarhunianDtls/{no}],methods=[PUT]}" onto public void com.course.springbootstarter.daftarhuniandtl.DaftarhunianDtlController.updateTopic(com.course.springbootstarter.daftarhuniandtl.DaftarhunianDtl,java.lang.String)
2018-04-20 15:09:32.652  INFO 4090 --- [main] s.w.s.m.m.a.RequestMappingHandlerMapping : Mapped "{[/user/daftarhunianDtls/{no}]}" onto public com.course.springbootstarter.daftarhuniandtl.DaftarhunianDtl com.course.springbootstarter.daftarhuniandtl.DaftarhunianDtlController.getDaftarhunianDtl(java.lang.String)
2018-04-20 15:09:32.654  INFO 4090 --- [main] s.w.s.m.m.a.RequestMappingHandlerMapping : Mapped "{[/user/daftarhunianDtls],methods=[POST]}" onto public void com.course.springbootstarter.daftarhuniandtl.DaftarhunianDtlController.addDaftarhunianDtl(com.course.springbootstarter.daftarhuniandtl.DaftarhunianDtl)
2018-04-20 15:09:32.655  INFO 4090 --- [main] s.w.s.m.m.a.RequestMappingHandlerMapping : Mapped "{[/user/daftarhunianDtls/{no}],methods=[DELETE]}" onto public void com.course.springbootstarter.daftarhuniandtl.DaftarhunianDtlController.deleteDaftarhunianDtl(java.lang.String)
2018-04-20 15:09:32.656  INFO 4090 --- [main] s.w.s.m.m.a.RequestMappingHandlerMapping : Mapped "{[/user/daftarhunianDtls]}" onto public java.util.List<com.course.springbootstarter.daftarhuniandtl.DaftarhunianDtl> com.course.springbootstarter.daftarhuniandtl.DaftarhunianDtlController.getAllDaftarhunianDtls()
2018-04-20 15:09:32.667  INFO 4090 --- [main] s.w.s.m.m.a.RequestMappingHandlerMapping : Mapped "{[/user/updateLokasiTujuan/{no}],methods=[PUT]}" onto public void com.course.springbootstarter.lokasitujuan.LokasiTujuanController.updateLokasiTujuan(com.course.springbootstarter.lokasitujuan.LokasiTujuan,java.lang.String)
2018-04-20 15:09:32.669  INFO 4090 --- [main] s.w.s.m.m.a.RequestMappingHandlerMapping : Mapped "{[/user/deleteLokasiTujuan/{no}],methods=[DELETE]}" onto public void com.course.springbootstarter.lokasitujuan.LokasiTujuanController.deleteLokasiTujuan(java.lang.String)
2018-04-20 15:09:32.670  INFO 4090 --- [main] s.w.s.m.m.a.RequestMappingHandlerMapping : Mapped "{[/user/lokasitujuans]}" onto public java.util.List<com.course.springbootstarter.lokasitujuan.LokasiTujuan> com.course.springbootstarter.lokasitujuan.LokasiTujuanController.getAllLokasiTujuans()
2018-04-20 15:09:32.672  INFO 4090 --- [main] s.w.s.m.m.a.RequestMappingHandlerMapping : Mapped "{[/user/lokasitujuans/{no}]}" onto public com.course.springbootstarter.lokasitujuan.LokasiTujuan com.course.springbootstarter.lokasitujuan.LokasiTujuanController.getLokasiTujuan(java.lang.String)
2018-04-20 15:09:32.673  INFO 4090 --- [main] s.w.s.m.m.a.RequestMappingHandlerMapping : Mapped "{[/user/lokasitujuans],methods=[POST]}" onto public void com.course.springbootstarter.lokasitujuan.LokasiTujuanController.addLokasiTujuan(com.course.springbootstarter.lokasitujuan.LokasiTujuan)
2018-04-20 15:09:32.679  INFO 4090 --- [main] s.w.s.m.m.a.RequestMappingHandlerMapping : Mapped "{[/topics]}" onto public java.util.List<com.course.springbootstarter.topic.Topic> com.course.springbootstarter.topic.TopicController.getAllTopics()
2018-04-20 15:09:32.681  INFO 4090 --- [main] s.w.s.m.m.a.RequestMappingHandlerMapping : Mapped "{[/topics/{id}]}" onto public com.course.springbootstarter.topic.Topic com.course.springbootstarter.topic.TopicController.getTopic(java.lang.String)
2018-04-20 15:09:32.682  INFO 4090 --- [main] s.w.s.m.m.a.RequestMappingHandlerMapping : Mapped "{[/topics],methods=[POST]}" onto public void com.course.springbootstarter.topic.TopicController.addTopic(com.course.springbootstarter.topic.Topic)
2018-04-20 15:09:32.684  INFO 4090 --- [main] s.w.s.m.m.a.RequestMappingHandlerMapping : Mapped "{[/topics/{id}],methods=[DELETE]}" onto public void com.course.springbootstarter.topic.TopicController.deleteTopic(java.lang.String)
2018-04-20 15:09:32.685  INFO 4090 --- [main] s.w.s.m.m.a.RequestMappingHandlerMapping : Mapped "{[/topics/{id}],methods=[PUT]}" onto public void com.course.springbootstarter.topic.TopicController.updateTopic(com.course.springbootstarter.topic.Topic,java.lang.String)
2018-04-20 15:09:32.702  INFO 4090 --- [main] s.w.s.m.m.a.RequestMappingHandlerMapping : Mapped "{[/user/lokasisurats]}" onto public java.util.List<com.course.springbootstarter.lokasisurat.LokasiSurat> com.course.springbootstarter.lokasisurat.LokasiSuratController.getAllLokasiSurats()
2018-04-20 15:09:32.704  INFO 4090 --- [main] s.w.s.m.m.a.RequestMappingHandlerMapping : Mapped "{[/user/lokasisurats/{no}]}" onto public com.course.springbootstarter.lokasisurat.LokasiSurat com.course.springbootstarter.lokasisurat.LokasiSuratController.getLokasiSurat(java.lang.String)
2018-04-20 15:09:32.705  INFO 4090 --- [main] s.w.s.m.m.a.RequestMappingHandlerMapping : Mapped "{[/user/lokasisurats],methods=[POST]}" onto public void com.course.springbootstarter.lokasisurat.LokasiSuratController.addLokasiSurat(com.course.springbootstarter.lokasisurat.LokasiSurat)
2018-04-20 15:09:32.706  INFO 4090 --- [main] s.w.s.m.m.a.RequestMappingHandlerMapping : Mapped "{[/user/updateLokasiSurat/{no}],methods=[PUT]}" onto public void com.course.springbootstarter.lokasisurat.LokasiSuratController.updateLokasiSurat(com.course.springbootstarter.lokasisurat.LokasiSurat,java.lang.String)
2018-04-20 15:09:32.708  INFO 4090 --- [main] s.w.s.m.m.a.RequestMappingHandlerMapping : Mapped "{[/user/deleteLokasiSurat/{no}],methods=[DELETE]}" onto public void com.course.springbootstarter.lokasisurat.LokasiSuratController.deleteLokasiSurat(java.lang.String)
2018-04-20 15:09:32.726  INFO 4090 --- [main] s.w.s.m.m.a.RequestMappingHandlerMapping : Mapped "{[/user/kegiatans]}" onto public java.util.List<com.course.springbootstarter.kegiatan.Kegiatan> com.course.springbootstarter.kegiatan.KegiatanController.getAllKegiatans()
2018-04-20 15:09:32.728  INFO 4090 --- [main] s.w.s.m.m.a.RequestMappingHandlerMapping : Mapped "{[/user/kegiatans/{kode}]}" onto public com.course.springbootstarter.kegiatan.Kegiatan com.course.springbootstarter.kegiatan.KegiatanController.getKegiatan(java.lang.String)
2018-04-20 15:09:32.729  INFO 4090 --- [main] s.w.s.m.m.a.RequestMappingHandlerMapping : Mapped "{[/user/kegiatans],methods=[POST]}" onto public void com.course.springbootstarter.kegiatan.KegiatanController.addKegiatan(com.course.springbootstarter.kegiatan.Kegiatan)
2018-04-20 15:09:32.730  INFO 4090 --- [main] s.w.s.m.m.a.RequestMappingHandlerMapping : Mapped "{[/user/kegiatans/{kode}],methods=[DELETE]}" onto public void com.course.springbootstarter.kegiatan.KegiatanController.deleteKegiatan(java.lang.String)
2018-04-20 15:09:32.732  INFO 4090 --- [main] s.w.s.m.m.a.RequestMappingHandlerMapping : Mapped "{[/user/kegiatans/{kode}],methods=[PUT]}" onto public void com.course.springbootstarter.kegiatan.KegiatanController.updateTopic(com.course.springbootstarter.kegiatan.Kegiatan,java.lang.String)
2018-04-20 15:09:32.739  INFO 4090 --- [main] s.w.s.m.m.a.RequestMappingHandlerMapping : Mapped "{[/user/daftarhunianbads/{no}],methods=[PUT]}" onto public void com.course.springbootstarter.daftarhunianbad.DaftarhunianbadController.updateTopic(com.course.springbootstarter.daftarhunianbad.Daftarhunianbad,java.lang.String)
2018-04-20 15:09:32.741  INFO 4090 --- [main] s.w.s.m.m.a.RequestMappingHandlerMapping : Mapped "{[/user/daftarhunianbads]}" onto public java.util.List<com.course.springbootstarter.daftarhunianbad.Daftarhunianbad> com.course.springbootstarter.daftarhunianbad.DaftarhunianbadController.getAllDaftarhunianbads()
2018-04-20 15:09:32.742  INFO 4090 --- [main] s.w.s.m.m.a.RequestMappingHandlerMapping : Mapped "{[/user/daftarhunianbads/{no}]}" onto public com.course.springbootstarter.daftarhunianbad.Daftarhunianbad com.course.springbootstarter.daftarhunianbad.DaftarhunianbadController.getDaftarhunianbad(java.lang.String)
2018-04-20 15:09:32.743  INFO 4090 --- [main] s.w.s.m.m.a.RequestMappingHandlerMapping : Mapped "{[/user/daftarhunianbads],methods=[POST]}" onto public void com.course.springbootstarter.daftarhunianbad.DaftarhunianbadController.addDaftarhunianbad(com.course.springbootstarter.daftarhunianbad.Daftarhunianbad)
2018-04-20 15:09:32.744  INFO 4090 --- [main] s.w.s.m.m.a.RequestMappingHandlerMapping : Mapped "{[/user/daftarhunianbads/{no}],methods=[DELETE]}" onto public void com.course.springbootstarter.daftarhunianbad.DaftarhunianbadController.deleteDaftarhunianbad(java.lang.String)
2018-04-20 15:09:32.752  INFO 4090 --- [main] s.w.s.m.m.a.RequestMappingHandlerMapping : Mapped "{[/user/badrooms/{no}],methods=[PUT]}" onto public void com.course.springbootstarter.badroom.BadroomController.updateTopic(com.course.springbootstarter.badroom.Badroom,java.lang.String)
2018-04-20 15:09:32.753  INFO 4090 --- [main] s.w.s.m.m.a.RequestMappingHandlerMapping : Mapped "{[/user/badrooms/{no}]}" onto public com.course.springbootstarter.badroom.Badroom com.course.springbootstarter.badroom.BadroomController.getBadroom(java.lang.String)
2018-04-20 15:09:32.754  INFO 4090 --- [main] s.w.s.m.m.a.RequestMappingHandlerMapping : Mapped "{[/user/badrooms],methods=[POST]}" onto public void com.course.springbootstarter.badroom.BadroomController.addBadroom(com.course.springbootstarter.badroom.Badroom)
2018-04-20 15:09:32.778  INFO 4090 --- [main] s.w.s.m.m.a.RequestMappingHandlerMapping : Mapped "{[/user/badrooms/{no}],methods=[DELETE]}" onto public void com.course.springbootstarter.badroom.BadroomController.deleteBadroom(java.lang.String)
2018-04-20 15:09:32.780  INFO 4090 --- [main] s.w.s.m.m.a.RequestMappingHandlerMapping : Mapped "{[/user/badrooms]}" onto public java.util.List<com.course.springbootstarter.badroom.Badroom> com.course.springbootstarter.badroom.BadroomController.getAllBadrooms()
2018-04-20 15:09:32.783  INFO 4090 --- [main] s.w.s.m.m.a.RequestMappingHandlerMapping : Mapped "{[/user/surattugas2s]}" onto public java.util.List<com.course.springbootstarter.penugasan.SuratTugas2> com.course.springbootstarter.penugasan.SuratTugas2Controller.getAllSuratTugas2s()
2018-04-20 15:09:32.787  INFO 4090 --- [main] s.w.s.m.m.a.RequestMappingHandlerMapping : Mapped "{[/user/lokasiTujuan2s]}" onto public java.util.List<com.course.springbootstarter.penugasan.LokasiTujuan2> com.course.springbootstarter.penugasan.LokasiTujuan2Controller.getAllLokasiTujuan2s()
2018-04-20 15:09:32.791  INFO 4090 --- [main] s.w.s.m.m.a.RequestMappingHandlerMapping : Mapped "{[/user/lokasiSurats]}" onto public java.util.List<com.course.springbootstarter.penugasan.LokasiSurat2> com.course.springbootstarter.penugasan.LokasiSuratController2.getAllLokasiSurats()
2018-04-20 15:09:32.801  INFO 4090 --- [main] s.w.s.m.m.a.RequestMappingHandlerMapping : Mapped "{[/user/users/{username}]}" onto public com.course.springbootstarter.login.Users com.course.springbootstarter.login.UserController.getUserByName(java.lang.String)
2018-04-20 15:09:32.802  INFO 4090 --- [main] s.w.s.m.m.a.RequestMappingHandlerMapping : Mapped "{[/user/users/{no}],methods=[DELETE]}" onto public void com.course.springbootstarter.login.UserController.deleteUser(java.lang.String)
2018-04-20 15:09:32.804  INFO 4090 --- [main] s.w.s.m.m.a.RequestMappingHandlerMapping : Mapped "{[/user/users],methods=[POST]}" onto public void com.course.springbootstarter.login.UserController.addUser(com.course.springbootstarter.login.Users)
2018-04-20 15:09:32.805  INFO 4090 --- [main] s.w.s.m.m.a.RequestMappingHandlerMapping : Mapped "{[/user/users/{no}],methods=[PUT]}" onto public void com.course.springbootstarter.login.UserController.updateTopic(com.course.springbootstarter.login.Users,java.lang.String)
2018-04-20 15:09:32.807  INFO 4090 --- [main] s.w.s.m.m.a.RequestMappingHandlerMapping : Mapped "{[/user/users]}" onto public java.util.List<com.course.springbootstarter.login.Users> com.course.springbootstarter.login.UserController.getAllUsers()
2018-04-20 15:09:32.815  INFO 4090 --- [main] s.w.s.m.m.a.RequestMappingHandlerMapping : Mapped "{[/user/updatePenyelenggara/{no}],methods=[PUT]}" onto public void com.course.springbootstarter.penyelenggara.PenyelenggaraController.updatePenyelenggara(com.course.springbootstarter.penyelenggara.Penyelenggara,java.lang.String)
2018-04-20 15:09:32.816  INFO 4090 --- [main] s.w.s.m.m.a.RequestMappingHandlerMapping : Mapped "{[/user/deletePenyelenggara/{no}],methods=[DELETE]}" onto public void com.course.springbootstarter.penyelenggara.PenyelenggaraController.deletePenyelenggara(java.lang.String)
2018-04-20 15:09:32.818  INFO 4090 --- [main] s.w.s.m.m.a.RequestMappingHandlerMapping : Mapped "{[/user/penyelenggaras]}" onto public java.util.List<com.course.springbootstarter.penyelenggara.Penyelenggara> com.course.springbootstarter.penyelenggara.PenyelenggaraController.getAllPenyelenggaras()
2018-04-20 15:09:32.819  INFO 4090 --- [main] s.w.s.m.m.a.RequestMappingHandlerMapping : Mapped "{[/user/penyelenggaras/{no}]}" onto public com.course.springbootstarter.penyelenggara.Penyelenggara com.course.springbootstarter.penyelenggara.PenyelenggaraController.getPenyelenggara(java.lang.String)
2018-04-20 15:09:32.820  INFO 4090 --- [main] s.w.s.m.m.a.RequestMappingHandlerMapping : Mapped "{[/user/penyelenggaras],methods=[POST]}" onto public void com.course.springbootstarter.penyelenggara.PenyelenggaraController.addPenyelenggara(com.course.springbootstarter.penyelenggara.Penyelenggara)
2018-04-20 15:09:32.829  INFO 4090 --- [main] s.w.s.m.m.a.RequestMappingHandlerMapping : Mapped "{[/user/deleteSuratTugasDtl/{no}],methods=[DELETE]}" onto public void com.course.springbootstarter.surattugasdtl.SuratTugasDtlController.deleteSuratTugasDtl(java.lang.String)
2018-04-20 15:09:32.830  INFO 4090 --- [main] s.w.s.m.m.a.RequestMappingHandlerMapping : Mapped "{[/user/surattugasdtls]}" onto public java.util.List<com.course.springbootstarter.surattugasdtl.SuratTugasDtl> com.course.springbootstarter.surattugasdtl.SuratTugasDtlController.getAllSuratTugasDtls()
2018-04-20 15:09:32.832  INFO 4090 --- [main] s.w.s.m.m.a.RequestMappingHandlerMapping : Mapped "{[/user/surattugasdtls/{no}]}" onto public com.course.springbootstarter.surattugasdtl.SuratTugasDtl com.course.springbootstarter.surattugasdtl.SuratTugasDtlController.getSuratTugasDtl(java.lang.String)
2018-04-20 15:09:32.833  INFO 4090 --- [main] s.w.s.m.m.a.RequestMappingHandlerMapping : Mapped "{[/user/surattugasdtls],methods=[POST]}" onto public void com.course.springbootstarter.surattugasdtl.SuratTugasDtlController.addSuratTugasDtl(com.course.springbootstarter.surattugasdtl.SuratTugasDtl)
2018-04-20 15:09:32.834  INFO 4090 --- [main] s.w.s.m.m.a.RequestMappingHandlerMapping : Mapped "{[/user/updateSuratTugasDtl/{no}],methods=[PUT]}" onto public void com.course.springbootstarter.surattugasdtl.SuratTugasDtlController.updateSuratTugasDtl(com.course.springbootstarter.surattugasdtl.SuratTugasDtl,java.lang.String)
2018-04-20 15:09:32.842  INFO 4090 --- [main] s.w.s.m.m.a.RequestMappingHandlerMapping : Mapped "{[/user/getAllQueriDfrtHunianHdrDtls]}" onto public java.util.List<com.course.springbootstarter.daftarhunian.asrama.QueriDfrtHunianHdrDtl> com.course.springbootstarter.daftarhunian.asrama.DaftarHunianAsramaController.getAllQueriDfrtHunianHdrDtls()
2018-04-20 15:09:32.843  INFO 4090 --- [main] s.w.s.m.m.a.RequestMappingHandlerMapping : Mapped "{[/user/gsonAllQueriDfrtHunianHdrDtls]}" onto public java.lang.String com.course.springbootstarter.daftarhunian.asrama.DaftarHunianAsramaController.gsonQueryDftrHunianHdrDtls()
2018-04-20 15:09:32.844  INFO 4090 --- [main] s.w.s.m.m.a.RequestMappingHandlerMapping : Mapped "{[/user/getAllDaftarHunianAsramas]}" onto public java.util.List<com.course.springbootstarter.daftarhunian.asrama.DaftarHunianAsrama> com.course.springbootstarter.daftarhunian.asrama.DaftarHunianAsramaController.getAllDaftarhunianAsramas()
2018-04-20 15:09:32.846  INFO 4090 --- [main] s.w.s.m.m.a.RequestMappingHandlerMapping : Mapped "{[/user/getAllRoomsUsed]}" onto public java.util.List<com.course.springbootstarter.daftarhunian.asrama.Room> com.course.springbootstarter.daftarhunian.asrama.DaftarHunianAsramaController.getAllRoomsUsed()
2018-04-20 15:09:32.854  INFO 4090 --- [main] s.w.s.m.m.a.RequestMappingHandlerMapping : Mapped "{[/user/daftarhunianHdrs/{no}],methods=[DELETE]}" onto public void com.course.springbootstarter.daftarhunian.DaftarhunianHdrController.deleteDaftarhunianHdr(java.lang.String)
2018-04-20 15:09:32.856  INFO 4090 --- [main] s.w.s.m.m.a.RequestMappingHandlerMapping : Mapped "{[/user/daftarhunianHdrs]}" onto public java.util.List<com.course.springbootstarter.daftarhunian.DaftarhunianHdr> com.course.springbootstarter.daftarhunian.DaftarhunianHdrController.getAllDaftarhunianHdrs()
2018-04-20 15:09:32.857  INFO 4090 --- [main] s.w.s.m.m.a.RequestMappingHandlerMapping : Mapped "{[/user/daftarhunianHdrs/{no}]}" onto public com.course.springbootstarter.daftarhunian.DaftarhunianHdr com.course.springbootstarter.daftarhunian.DaftarhunianHdrController.getDaftarhunianHdr(java.lang.String)
2018-04-20 15:09:32.859  INFO 4090 --- [main] s.w.s.m.m.a.RequestMappingHandlerMapping : Mapped "{[/user/daftarhunianHdrs],methods=[POST]}" onto public void com.course.springbootstarter.daftarhunian.DaftarhunianHdrController.addDaftarhunianHdr(com.course.springbootstarter.daftarhunian.DaftarhunianHdr)
2018-04-20 15:09:32.860  INFO 4090 --- [main] s.w.s.m.m.a.RequestMappingHandlerMapping : Mapped "{[/user/daftarhunianHdrs/{no}],methods=[PUT]}" onto public void com.course.springbootstarter.daftarhunian.DaftarhunianHdrController.updateTopic(com.course.springbootstarter.daftarhunian.DaftarhunianHdr,java.lang.String)
2018-04-20 15:09:32.870  INFO 4090 --- [main] s.w.s.m.m.a.RequestMappingHandlerMapping : Mapped "{[/user/kamars]}" onto public java.util.List<com.course.springbootstarter.kamar.Kamar> com.course.springbootstarter.kamar.KamarController.getAllKamars()
2018-04-20 15:09:32.872  INFO 4090 --- [main] s.w.s.m.m.a.RequestMappingHandlerMapping : Mapped "{[/user/kamars/{no}]}" onto public com.course.springbootstarter.kamar.Kamar com.course.springbootstarter.kamar.KamarController.getKamar(java.lang.String)
2018-04-20 15:09:32.873  INFO 4090 --- [main] s.w.s.m.m.a.RequestMappingHandlerMapping : Mapped "{[/user/kamars],methods=[POST]}" onto public void com.course.springbootstarter.kamar.KamarController.addKamar(com.course.springbootstarter.kamar.Kamar)
2018-04-20 15:09:32.875  INFO 4090 --- [main] s.w.s.m.m.a.RequestMappingHandlerMapping : Mapped "{[/user/updateKamar/{no}],methods=[PUT]}" onto public void com.course.springbootstarter.kamar.KamarController.updateKamar(com.course.springbootstarter.kamar.Kamar,java.lang.String)
2018-04-20 15:09:32.875  INFO 4090 --- [main] s.w.s.m.m.a.RequestMappingHandlerMapping : Mapped "{[/user/deleteKamar/{no}],methods=[DELETE]}" onto public void com.course.springbootstarter.kamar.KamarController.deleteKamar(java.lang.String)
2018-04-20 15:09:32.884  INFO 4090 --- [main] s.w.s.m.m.a.RequestMappingHandlerMapping : Mapped "{[/user/surattugass]}" onto public java.util.List<com.course.springbootstarter.surattugas.SuratTugas> com.course.springbootstarter.surattugas.SuratTugasController.getAllSuratTugass()
2018-04-20 15:09:32.886  INFO 4090 --- [main] s.w.s.m.m.a.RequestMappingHandlerMapping : Mapped "{[/user/surattugass/{no}]}" onto public com.course.springbootstarter.surattugas.SuratTugas com.course.springbootstarter.surattugas.SuratTugasController.getSuratTugas(java.lang.String)
2018-04-20 15:09:32.887  INFO 4090 --- [main] s.w.s.m.m.a.RequestMappingHandlerMapping : Mapped "{[/user/surattugass],methods=[POST]}" onto public void com.course.springbootstarter.surattugas.SuratTugasController.addSuratTugas(com.course.springbootstarter.surattugas.SuratTugas)
2018-04-20 15:09:32.888  INFO 4090 --- [main] s.w.s.m.m.a.RequestMappingHandlerMapping : Mapped "{[/user/updateSuratTugas/{no}],methods=[PUT]}" onto public void com.course.springbootstarter.surattugas.SuratTugasController.updateSuratTugas(com.course.springbootstarter.surattugas.SuratTugas,java.lang.String)
2018-04-20 15:09:32.889  INFO 4090 --- [main] s.w.s.m.m.a.RequestMappingHandlerMapping : Mapped "{[/user/deleteSuratTugas/{no}],methods=[DELETE]}" onto public void com.course.springbootstarter.surattugas.SuratTugasController.deleteSuratTugas(java.lang.String)
2018-04-20 15:09:32.897  INFO 4090 --- [main] s.w.s.m.m.a.RequestMappingHandlerMapping : Mapped "{[/user/pegawais]}" onto public java.util.List<com.course.springbootstarter.pegawai.Pegawai> com.course.springbootstarter.pegawai.PegawaiController.getAllPegawais()
2018-04-20 15:09:32.898  INFO 4090 --- [main] s.w.s.m.m.a.RequestMappingHandlerMapping : Mapped "{[/user/pegawais/{nip}]}" onto public com.course.springbootstarter.pegawai.Pegawai com.course.springbootstarter.pegawai.PegawaiController.getPegawai(java.lang.String)
2018-04-20 15:09:32.900  INFO 4090 --- [main] s.w.s.m.m.a.RequestMappingHandlerMapping : Mapped "{[/user/pegawais],methods=[POST]}" onto public void com.course.springbootstarter.pegawai.PegawaiController.addPegawai(com.course.springbootstarter.pegawai.Pegawai)
2018-04-20 15:09:32.911  INFO 4090 --- [main] s.w.s.m.m.a.RequestMappingHandlerMapping : Mapped "{[/user/pegawais/{nip}],methods=[DELETE]}" onto public void com.course.springbootstarter.pegawai.PegawaiController.deletePegawai(java.lang.String)
2018-04-20 15:09:32.912  INFO 4090 --- [main] s.w.s.m.m.a.RequestMappingHandlerMapping : Mapped "{[/user/pegawais/{nip}],methods=[PUT]}" onto public void com.course.springbootstarter.pegawai.PegawaiController.updateTopic(com.course.springbootstarter.pegawai.Pegawai,java.lang.String)
2018-04-20 15:09:32.934  INFO 4090 --- [main] s.w.s.m.m.a.RequestMappingHandlerMapping : Mapped "{[/error],produces=[text/html]}" onto public org.springframework.web.servlet.ModelAndView org.springframework.boot.autoconfigure.web.BasicErrorController.errorHtml(javax.servlet.http.HttpServletRequest,javax.servlet.http.HttpServletResponse)
2018-04-20 15:09:32.939  INFO 4090 --- [main] s.w.s.m.m.a.RequestMappingHandlerMapping : Mapped "{[/error]}" onto public org.springframework.http.ResponseEntity<java.util.Map<java.lang.String, java.lang.Object>> org.springframework.boot.autoconfigure.web.BasicErrorController.error(javax.servlet.http.HttpServletRequest)
2018-04-20 15:09:33.255  INFO 4090 --- [main] o.s.w.s.handler.SimpleUrlHandlerMapping  : Mapped URL path [/webjars/**] onto handler of type [class org.springframework.web.servlet.resource.ResourceHttpRequestHandler]
2018-04-20 15:09:33.256  INFO 4090 --- [main] o.s.w.s.handler.SimpleUrlHandlerMapping  : Mapped URL path [/**] onto handler of type [class org.springframework.web.servlet.resource.ResourceHttpRequestHandler]
2018-04-20 15:09:33.598  INFO 4090 --- [main] o.s.w.s.handler.SimpleUrlHandlerMapping  : Mapped URL path [/**/favicon.ico] onto handler of type [class org.springframework.web.servlet.resource.ResourceHttpRequestHandler]
2018-04-20 15:09:36.195  INFO 4090 --- [main] o.s.j.e.a.AnnotationMBeanExporter        : Registering beans for JMX exposure on startup
2018-04-20 15:09:36.515 ERROR 4090 --- [main] o.a.coyote.http11.Http11NioProtocol      : Failed to start end point associated with ProtocolHandler [http-nio-8080]

java.net.BindException: Address already in use
	at sun.nio.ch.Net.bind0(Native Method) ~[na:1.8.0_101]
	at sun.nio.ch.Net.bind(Net.java:433) ~[na:1.8.0_101]
	at sun.nio.ch.Net.bind(Net.java:425) ~[na:1.8.0_101]
	at sun.nio.ch.ServerSocketChannelImpl.bind(ServerSocketChannelImpl.java:223) ~[na:1.8.0_101]
	at sun.nio.ch.ServerSocketAdaptor.bind(ServerSocketAdaptor.java:74) ~[na:1.8.0_101]
	at org.apache.tomcat.util.net.NioEndpoint.bind(NioEndpoint.java:228) ~[tomcat-embed-core-8.5.6.jar!/:8.5.6]
	at org.apache.tomcat.util.net.AbstractEndpoint.start(AbstractEndpoint.java:874) ~[tomcat-embed-core-8.5.6.jar!/:8.5.6]
	at org.apache.coyote.AbstractProtocol.start(AbstractProtocol.java:590) ~[tomcat-embed-core-8.5.6.jar!/:8.5.6]
	at org.apache.catalina.connector.Connector.startInternal(Connector.java:969) [tomcat-embed-core-8.5.6.jar!/:8.5.6]
	at org.apache.catalina.util.LifecycleBase.start(LifecycleBase.java:150) [tomcat-embed-core-8.5.6.jar!/:8.5.6]
	at org.apache.catalina.core.StandardService.addConnector(StandardService.java:225) [tomcat-embed-core-8.5.6.jar!/:8.5.6]
	at org.springframework.boot.context.embedded.tomcat.TomcatEmbeddedServletContainer.addPreviouslyRemovedConnectors(TomcatEmbeddedServletContainer.java:233) [spring-boot-1.4.3.RELEASE.jar!/:1.4.3.RELEASE]
	at org.springframework.boot.context.embedded.tomcat.TomcatEmbeddedServletContainer.start(TomcatEmbeddedServletContainer.java:178) [spring-boot-1.4.3.RELEASE.jar!/:1.4.3.RELEASE]
	at org.springframework.boot.context.embedded.EmbeddedWebApplicationContext.startEmbeddedServletContainer(EmbeddedWebApplicationContext.java:297) [spring-boot-1.4.3.RELEASE.jar!/:1.4.3.RELEASE]
	at org.springframework.boot.context.embedded.EmbeddedWebApplicationContext.finishRefresh(EmbeddedWebApplicationContext.java:145) [spring-boot-1.4.3.RELEASE.jar!/:1.4.3.RELEASE]
	at org.springframework.context.support.AbstractApplicationContext.refresh(AbstractApplicationContext.java:545) [spring-context-4.3.5.RELEASE.jar!/:4.3.5.RELEASE]
	at org.springframework.boot.context.embedded.EmbeddedWebApplicationContext.refresh(EmbeddedWebApplicationContext.java:122) [spring-boot-1.4.3.RELEASE.jar!/:1.4.3.RELEASE]
	at org.springframework.boot.SpringApplication.refresh(SpringApplication.java:761) [spring-boot-1.4.3.RELEASE.jar!/:1.4.3.RELEASE]
	at org.springframework.boot.SpringApplication.refreshContext(SpringApplication.java:371) [spring-boot-1.4.3.RELEASE.jar!/:1.4.3.RELEASE]
	at org.springframework.boot.SpringApplication.run(SpringApplication.java:315) [spring-boot-1.4.3.RELEASE.jar!/:1.4.3.RELEASE]
	at org.springframework.boot.SpringApplication.run(SpringApplication.java:1186) [spring-boot-1.4.3.RELEASE.jar!/:1.4.3.RELEASE]
	at org.springframework.boot.SpringApplication.run(SpringApplication.java:1175) [spring-boot-1.4.3.RELEASE.jar!/:1.4.3.RELEASE]
	at com.course.springbootstarter.CourseApiApp.main(CourseApiApp.java:20) [classes!/:1.0-SNAPSHOT]
	at sun.reflect.NativeMethodAccessorImpl.invoke0(Native Method) ~[na:1.8.0_101]
	at sun.reflect.NativeMethodAccessorImpl.invoke(NativeMethodAccessorImpl.java:62) ~[na:1.8.0_101]
	at sun.reflect.DelegatingMethodAccessorImpl.invoke(DelegatingMethodAccessorImpl.java:43) ~[na:1.8.0_101]
	at java.lang.reflect.Method.invoke(Method.java:498) ~[na:1.8.0_101]
	at org.springframework.boot.loader.MainMethodRunner.run(MainMethodRunner.java:48) [lpmp-prov-bali-aset-mgnt-1.0-SNAPSHOT.jar:1.0-SNAPSHOT]
	at org.springframework.boot.loader.Launcher.launch(Launcher.java:87) [lpmp-prov-bali-aset-mgnt-1.0-SNAPSHOT.jar:1.0-SNAPSHOT]
	at org.springframework.boot.loader.Launcher.launch(Launcher.java:50) [lpmp-prov-bali-aset-mgnt-1.0-SNAPSHOT.jar:1.0-SNAPSHOT]
	at org.springframework.boot.loader.JarLauncher.main(JarLauncher.java:51) [lpmp-prov-bali-aset-mgnt-1.0-SNAPSHOT.jar:1.0-SNAPSHOT]

2018-04-20 15:09:36.525 ERROR 4090 --- [main] o.apache.catalina.core.StandardService   : Failed to start connector [Connector[HTTP/1.1-8080]]

org.apache.catalina.LifecycleException: Failed to start component [Connector[HTTP/1.1-8080]]
	at org.apache.catalina.util.LifecycleBase.start(LifecycleBase.java:167) ~[tomcat-embed-core-8.5.6.jar!/:8.5.6]
	at org.apache.catalina.core.StandardService.addConnector(StandardService.java:225) ~[tomcat-embed-core-8.5.6.jar!/:8.5.6]
	at org.springframework.boot.context.embedded.tomcat.TomcatEmbeddedServletContainer.addPreviouslyRemovedConnectors(TomcatEmbeddedServletContainer.java:233) [spring-boot-1.4.3.RELEASE.jar!/:1.4.3.RELEASE]
	at org.springframework.boot.context.embedded.tomcat.TomcatEmbeddedServletContainer.start(TomcatEmbeddedServletContainer.java:178) [spring-boot-1.4.3.RELEASE.jar!/:1.4.3.RELEASE]
	at org.springframework.boot.context.embedded.EmbeddedWebApplicationContext.startEmbeddedServletContainer(EmbeddedWebApplicationContext.java:297) [spring-boot-1.4.3.RELEASE.jar!/:1.4.3.RELEASE]
	at org.springframework.boot.context.embedded.EmbeddedWebApplicationContext.finishRefresh(EmbeddedWebApplicationContext.java:145) [spring-boot-1.4.3.RELEASE.jar!/:1.4.3.RELEASE]
	at org.springframework.context.support.AbstractApplicationContext.refresh(AbstractApplicationContext.java:545) [spring-context-4.3.5.RELEASE.jar!/:4.3.5.RELEASE]
	at org.springframework.boot.context.embedded.EmbeddedWebApplicationContext.refresh(EmbeddedWebApplicationContext.java:122) [spring-boot-1.4.3.RELEASE.jar!/:1.4.3.RELEASE]
	at org.springframework.boot.SpringApplication.refresh(SpringApplication.java:761) [spring-boot-1.4.3.RELEASE.jar!/:1.4.3.RELEASE]
	at org.springframework.boot.SpringApplication.refreshContext(SpringApplication.java:371) [spring-boot-1.4.3.RELEASE.jar!/:1.4.3.RELEASE]
	at org.springframework.boot.SpringApplication.run(SpringApplication.java:315) [spring-boot-1.4.3.RELEASE.jar!/:1.4.3.RELEASE]
	at org.springframework.boot.SpringApplication.run(SpringApplication.java:1186) [spring-boot-1.4.3.RELEASE.jar!/:1.4.3.RELEASE]
	at org.springframework.boot.SpringApplication.run(SpringApplication.java:1175) [spring-boot-1.4.3.RELEASE.jar!/:1.4.3.RELEASE]
	at com.course.springbootstarter.CourseApiApp.main(CourseApiApp.java:20) [classes!/:1.0-SNAPSHOT]
	at sun.reflect.NativeMethodAccessorImpl.invoke0(Native Method) ~[na:1.8.0_101]
	at sun.reflect.NativeMethodAccessorImpl.invoke(NativeMethodAccessorImpl.java:62) ~[na:1.8.0_101]
	at sun.reflect.DelegatingMethodAccessorImpl.invoke(DelegatingMethodAccessorImpl.java:43) ~[na:1.8.0_101]
	at java.lang.reflect.Method.invoke(Method.java:498) ~[na:1.8.0_101]
	at org.springframework.boot.loader.MainMethodRunner.run(MainMethodRunner.java:48) [lpmp-prov-bali-aset-mgnt-1.0-SNAPSHOT.jar:1.0-SNAPSHOT]
	at org.springframework.boot.loader.Launcher.launch(Launcher.java:87) [lpmp-prov-bali-aset-mgnt-1.0-SNAPSHOT.jar:1.0-SNAPSHOT]
	at org.springframework.boot.loader.Launcher.launch(Launcher.java:50) [lpmp-prov-bali-aset-mgnt-1.0-SNAPSHOT.jar:1.0-SNAPSHOT]
	at org.springframework.boot.loader.JarLauncher.main(JarLauncher.java:51) [lpmp-prov-bali-aset-mgnt-1.0-SNAPSHOT.jar:1.0-SNAPSHOT]
Caused by: org.apache.catalina.LifecycleException: service.getName(): "Tomcat";  Protocol handler start failed
	at org.apache.catalina.connector.Connector.startInternal(Connector.java:976) ~[tomcat-embed-core-8.5.6.jar!/:8.5.6]
	at org.apache.catalina.util.LifecycleBase.start(LifecycleBase.java:150) ~[tomcat-embed-core-8.5.6.jar!/:8.5.6]
	... 21 common frames omitted
Caused by: java.net.BindException: Address already in use
	at sun.nio.ch.Net.bind0(Native Method) ~[na:1.8.0_101]
	at sun.nio.ch.Net.bind(Net.java:433) ~[na:1.8.0_101]
	at sun.nio.ch.Net.bind(Net.java:425) ~[na:1.8.0_101]
	at sun.nio.ch.ServerSocketChannelImpl.bind(ServerSocketChannelImpl.java:223) ~[na:1.8.0_101]
	at sun.nio.ch.ServerSocketAdaptor.bind(ServerSocketAdaptor.java:74) ~[na:1.8.0_101]
	at org.apache.tomcat.util.net.NioEndpoint.bind(NioEndpoint.java:228) ~[tomcat-embed-core-8.5.6.jar!/:8.5.6]
	at org.apache.tomcat.util.net.AbstractEndpoint.start(AbstractEndpoint.java:874) ~[tomcat-embed-core-8.5.6.jar!/:8.5.6]
	at org.apache.coyote.AbstractProtocol.start(AbstractProtocol.java:590) ~[tomcat-embed-core-8.5.6.jar!/:8.5.6]
	at org.apache.catalina.connector.Connector.startInternal(Connector.java:969) ~[tomcat-embed-core-8.5.6.jar!/:8.5.6]
	... 22 common frames omitted

2018-04-20 15:09:36.573  INFO 4090 --- [main] o.apache.catalina.core.StandardService   : Stopping service Tomcat
2018-04-20 15:09:36.675  INFO 4090 --- [main] utoConfigurationReportLoggingInitializer : 

Error starting ApplicationContext. To display the auto-configuration report re-run your application with 'debug' enabled.
2018-04-20 15:09:36.714 ERROR 4090 --- [main] o.s.b.d.LoggingFailureAnalysisReporter   : 

***************************
APPLICATION FAILED TO START
***************************

Description:

The Tomcat connector configured to listen on port 8080 failed to start. The port may already be in use or the connector may be misconfigured.

Action:

Verify the connector's configuration, identify and stop any process that's listening on port 8080, or configure this application to listen on another port.

2018-04-20 15:09:36.724  INFO 4090 --- [main] ationConfigEmbeddedWebApplicationContext : Closing org.springframework.boot.context.embedded.AnnotationConfigEmbeddedWebApplicationContext@1ab930d: startup date [Fri Apr 20 15:08:52 WITA 2018]; root of context hierarchy
2018-04-20 15:09:36.734  INFO 4090 --- [main] o.s.j.e.a.AnnotationMBeanExporter        : Unregistering JMX-exposed beans on shutdown
2018-04-20 15:09:36.787  INFO 4090 --- [main] j.LocalContainerEntityManagerFactoryBean : Closing JPA EntityManagerFactory for persistence unit 'default'
2018-04-20 15:10:00.266  INFO 4155 --- [main] c.course.springbootstarter.CourseApiApp  : Starting CourseApiApp v1.0-SNAPSHOT on wisty-Lenovo-G405 with PID 4155 (/home/wisty/github.com/tutnatha/lpmp-prov-bali-assetmgmnt-20-apr-2018/target/lpmp-prov-bali-aset-mgnt-1.0-SNAPSHOT.jar started by wisty in /home/wisty/github.com/tutnatha/lpmp-prov-bali-assetmgmnt-20-apr-2018/target)
2018-04-20 15:10:00.313  INFO 4155 --- [main] c.course.springbootstarter.CourseApiApp  : No active profile set, falling back to default profiles: default
2018-04-20 15:10:00.921  INFO 4155 --- [main] ationConfigEmbeddedWebApplicationContext : Refreshing org.springframework.boot.context.embedded.AnnotationConfigEmbeddedWebApplicationContext@1ab930d: startup date [Fri Apr 20 15:10:00 WITA 2018]; root of context hierarchy
2018-04-20 15:10:11.922  INFO 4155 --- [main] trationDelegate$BeanPostProcessorChecker : Bean 'org.springframework.transaction.annotation.ProxyTransactionManagementConfiguration' of type [class org.springframework.transaction.annotation.ProxyTransactionManagementConfiguration$$EnhancerBySpringCGLIB$$88756e0e] is not eligible for getting processed by all BeanPostProcessors (for example: not eligible for auto-proxying)
2018-04-20 15:10:12.332  INFO 4155 --- [main] trationDelegate$BeanPostProcessorChecker : Bean 'org.springframework.security.config.annotation.configuration.ObjectPostProcessorConfiguration' of type [class org.springframework.security.config.annotation.configuration.ObjectPostProcessorConfiguration$$EnhancerBySpringCGLIB$$21233648] is not eligible for getting processed by all BeanPostProcessors (for example: not eligible for auto-proxying)
2018-04-20 15:10:12.450  INFO 4155 --- [main] trationDelegate$BeanPostProcessorChecker : Bean 'objectPostProcessor' of type [class org.springframework.security.config.annotation.configuration.AutowireBeanFactoryObjectPostProcessor] is not eligible for getting processed by all BeanPostProcessors (for example: not eligible for auto-proxying)
2018-04-20 15:10:12.466  INFO 4155 --- [main] trationDelegate$BeanPostProcessorChecker : Bean 'org.springframework.security.access.expression.method.DefaultMethodSecurityExpressionHandler@1706f19' of type [class org.springframework.security.access.expression.method.DefaultMethodSecurityExpressionHandler] is not eligible for getting processed by all BeanPostProcessors (for example: not eligible for auto-proxying)
2018-04-20 15:10:12.563  INFO 4155 --- [main] trationDelegate$BeanPostProcessorChecker : Bean 'org.springframework.security.config.annotation.method.configuration.GlobalMethodSecurityConfiguration' of type [class org.springframework.security.config.annotation.method.configuration.GlobalMethodSecurityConfiguration$$EnhancerBySpringCGLIB$$45f7d8fa] is not eligible for getting processed by all BeanPostProcessors (for example: not eligible for auto-proxying)
2018-04-20 15:10:12.715  INFO 4155 --- [main] trationDelegate$BeanPostProcessorChecker : Bean 'methodSecurityMetadataSource' of type [class org.springframework.security.access.method.DelegatingMethodSecurityMetadataSource] is not eligible for getting processed by all BeanPostProcessors (for example: not eligible for auto-proxying)
2018-04-20 15:10:16.184  INFO 4155 --- [main] s.b.c.e.t.TomcatEmbeddedServletContainer : Tomcat initialized with port(s): 8080 (http)
2018-04-20 15:10:16.284  INFO 4155 --- [main] o.apache.catalina.core.StandardService   : Starting service Tomcat
2018-04-20 15:10:16.289  INFO 4155 --- [main] org.apache.catalina.core.StandardEngine  : Starting Servlet Engine: Apache Tomcat/8.5.6
2018-04-20 15:10:17.104  INFO 4155 --- [localhost-startStop-1] o.a.c.c.C.[Tomcat].[localhost].[/]       : Initializing Spring embedded WebApplicationContext
2018-04-20 15:10:17.107  INFO 4155 --- [localhost-startStop-1] o.s.web.context.ContextLoader            : Root WebApplicationContext: initialization completed in 16211 ms
2018-04-20 15:10:18.413  INFO 4155 --- [localhost-startStop-1] o.s.b.w.servlet.FilterRegistrationBean   : Mapping filter: 'characterEncodingFilter' to: [/*]
2018-04-20 15:10:18.415  INFO 4155 --- [localhost-startStop-1] o.s.b.w.servlet.FilterRegistrationBean   : Mapping filter: 'hiddenHttpMethodFilter' to: [/*]
2018-04-20 15:10:18.417  INFO 4155 --- [localhost-startStop-1] o.s.b.w.servlet.FilterRegistrationBean   : Mapping filter: 'httpPutFormContentFilter' to: [/*]
2018-04-20 15:10:18.417  INFO 4155 --- [localhost-startStop-1] o.s.b.w.servlet.FilterRegistrationBean   : Mapping filter: 'requestContextFilter' to: [/*]
2018-04-20 15:10:18.423  INFO 4155 --- [localhost-startStop-1] .s.DelegatingFilterProxyRegistrationBean : Mapping filter: 'springSecurityFilterChain' to: [/*]
2018-04-20 15:10:18.424  INFO 4155 --- [localhost-startStop-1] o.s.b.w.servlet.ServletRegistrationBean  : Mapping servlet: 'dispatcherServlet' to [/]
2018-04-20 15:10:21.615  INFO 4155 --- [main] j.LocalContainerEntityManagerFactoryBean : Building JPA container EntityManagerFactory for persistence unit 'default'
2018-04-20 15:10:21.749  INFO 4155 --- [main] o.hibernate.jpa.internal.util.LogHelper  : HHH000204: Processing PersistenceUnitInfo [
	name: default
	...]
2018-04-20 15:10:22.572  INFO 4155 --- [main] org.hibernate.Version                    : HHH000412: Hibernate Core {5.0.11.Final}
2018-04-20 15:10:22.596  INFO 4155 --- [main] org.hibernate.cfg.Environment            : HHH000206: hibernate.properties not found
2018-04-20 15:10:22.608  INFO 4155 --- [main] org.hibernate.cfg.Environment            : HHH000021: Bytecode provider name : javassist
2018-04-20 15:10:23.011  INFO 4155 --- [main] o.hibernate.annotations.common.Version   : HCANN000001: Hibernate Commons Annotations {5.0.1.Final}
2018-04-20 15:10:24.735  INFO 4155 --- [main] org.hibernate.dialect.Dialect            : HHH000400: Using dialect: org.hibernate.dialect.MySQLDialect
2018-04-20 15:10:27.016  WARN 4155 --- [main] org.hibernate.mapping.RootClass          : HHH000038: Composite-id class does not override equals(): com.course.springbootstarter.daftarhunian.asrama.DaftarHunianAsramaDtl$MyCompositePK
2018-04-20 15:10:27.017  WARN 4155 --- [main] org.hibernate.mapping.RootClass          : HHH000039: Composite-id class does not override hashCode(): com.course.springbootstarter.daftarhunian.asrama.DaftarHunianAsramaDtl$MyCompositePK
2018-04-20 15:10:29.775  INFO 4155 --- [main] org.hibernate.tool.hbm2ddl.SchemaUpdate  : HHH000228: Running hbm2ddl schema update
2018-04-20 15:10:30.790  INFO 4155 --- [main] o.h.h.i.QueryTranslatorFactoryInitiator  : HHH000397: Using ASTQueryTranslatorFactory
2018-04-20 15:10:31.925  INFO 4155 --- [main] j.LocalContainerEntityManagerFactoryBean : Initialized JPA EntityManagerFactory for persistence unit 'default'
2018-04-20 15:10:40.644  INFO 4155 --- [main] o.s.s.web.DefaultSecurityFilterChain     : Creating filter chain: org.springframework.security.web.util.matcher.AnyRequestMatcher@1, [org.springframework.security.web.context.request.async.WebAsyncManagerIntegrationFilter@ed46ee, org.springframework.security.web.context.SecurityContextPersistenceFilter@759011, org.springframework.security.web.header.HeaderWriterFilter@985ce9, org.springframework.security.web.authentication.logout.LogoutFilter@1ddbbbb, org.springframework.security.web.authentication.www.BasicAuthenticationFilter@168660, org.springframework.security.web.savedrequest.RequestCacheAwareFilter@105f031, org.springframework.security.web.servletapi.SecurityContextHolderAwareRequestFilter@11f7216, org.springframework.security.web.authentication.AnonymousAuthenticationFilter@b0fcd5, org.springframework.security.web.session.SessionManagementFilter@10ae9a3, org.springframework.security.web.access.ExceptionTranslationFilter@b6449b, org.springframework.security.web.access.intercept.FilterSecurityInterceptor@1b9e4b]
2018-04-20 15:10:41.501  INFO 4155 --- [main] s.w.s.m.m.a.RequestMappingHandlerAdapter : Looking for @ControllerAdvice: org.springframework.boot.context.embedded.AnnotationConfigEmbeddedWebApplicationContext@1ab930d: startup date [Fri Apr 20 15:10:00 WITA 2018]; root of context hierarchy
2018-04-20 15:10:42.034  INFO 4155 --- [main] s.w.s.m.m.a.RequestMappingHandlerMapping : Mapped "{[/user/daftarhunianDtls/{no}]}" onto public com.course.springbootstarter.daftarhuniandtl.DaftarhunianDtl com.course.springbootstarter.daftarhuniandtl.DaftarhunianDtlController.getDaftarhunianDtl(java.lang.String)
2018-04-20 15:10:42.039  INFO 4155 --- [main] s.w.s.m.m.a.RequestMappingHandlerMapping : Mapped "{[/user/daftarhunianDtls],methods=[POST]}" onto public void com.course.springbootstarter.daftarhuniandtl.DaftarhunianDtlController.addDaftarhunianDtl(com.course.springbootstarter.daftarhuniandtl.DaftarhunianDtl)
2018-04-20 15:10:42.040  INFO 4155 --- [main] s.w.s.m.m.a.RequestMappingHandlerMapping : Mapped "{[/user/daftarhunianDtls/{no}],methods=[DELETE]}" onto public void com.course.springbootstarter.daftarhuniandtl.DaftarhunianDtlController.deleteDaftarhunianDtl(java.lang.String)
2018-04-20 15:10:42.042  INFO 4155 --- [main] s.w.s.m.m.a.RequestMappingHandlerMapping : Mapped "{[/user/daftarhunianDtls]}" onto public java.util.List<com.course.springbootstarter.daftarhuniandtl.DaftarhunianDtl> com.course.springbootstarter.daftarhuniandtl.DaftarhunianDtlController.getAllDaftarhunianDtls()
2018-04-20 15:10:42.043  INFO 4155 --- [main] s.w.s.m.m.a.RequestMappingHandlerMapping : Mapped "{[/user/daftarhunianDtls/{no}],methods=[PUT]}" onto public void com.course.springbootstarter.daftarhuniandtl.DaftarhunianDtlController.updateTopic(com.course.springbootstarter.daftarhuniandtl.DaftarhunianDtl,java.lang.String)
2018-04-20 15:10:42.054  INFO 4155 --- [main] s.w.s.m.m.a.RequestMappingHandlerMapping : Mapped "{[/user/lokasitujuans]}" onto public java.util.List<com.course.springbootstarter.lokasitujuan.LokasiTujuan> com.course.springbootstarter.lokasitujuan.LokasiTujuanController.getAllLokasiTujuans()
2018-04-20 15:10:42.056  INFO 4155 --- [main] s.w.s.m.m.a.RequestMappingHandlerMapping : Mapped "{[/user/lokasitujuans/{no}]}" onto public com.course.springbootstarter.lokasitujuan.LokasiTujuan com.course.springbootstarter.lokasitujuan.LokasiTujuanController.getLokasiTujuan(java.lang.String)
2018-04-20 15:10:42.059  INFO 4155 --- [main] s.w.s.m.m.a.RequestMappingHandlerMapping : Mapped "{[/user/lokasitujuans],methods=[POST]}" onto public void com.course.springbootstarter.lokasitujuan.LokasiTujuanController.addLokasiTujuan(com.course.springbootstarter.lokasitujuan.LokasiTujuan)
2018-04-20 15:10:42.060  INFO 4155 --- [main] s.w.s.m.m.a.RequestMappingHandlerMapping : Mapped "{[/user/updateLokasiTujuan/{no}],methods=[PUT]}" onto public void com.course.springbootstarter.lokasitujuan.LokasiTujuanController.updateLokasiTujuan(com.course.springbootstarter.lokasitujuan.LokasiTujuan,java.lang.String)
2018-04-20 15:10:42.062  INFO 4155 --- [main] s.w.s.m.m.a.RequestMappingHandlerMapping : Mapped "{[/user/deleteLokasiTujuan/{no}],methods=[DELETE]}" onto public void com.course.springbootstarter.lokasitujuan.LokasiTujuanController.deleteLokasiTujuan(java.lang.String)
2018-04-20 15:10:42.068  INFO 4155 --- [main] s.w.s.m.m.a.RequestMappingHandlerMapping : Mapped "{[/topics/{id}],methods=[PUT]}" onto public void com.course.springbootstarter.topic.TopicController.updateTopic(com.course.springbootstarter.topic.Topic,java.lang.String)
2018-04-20 15:10:42.070  INFO 4155 --- [main] s.w.s.m.m.a.RequestMappingHandlerMapping : Mapped "{[/topics]}" onto public java.util.List<com.course.springbootstarter.topic.Topic> com.course.springbootstarter.topic.TopicController.getAllTopics()
2018-04-20 15:10:42.071  INFO 4155 --- [main] s.w.s.m.m.a.RequestMappingHandlerMapping : Mapped "{[/topics/{id}]}" onto public com.course.springbootstarter.topic.Topic com.course.springbootstarter.topic.TopicController.getTopic(java.lang.String)
2018-04-20 15:10:42.072  INFO 4155 --- [main] s.w.s.m.m.a.RequestMappingHandlerMapping : Mapped "{[/topics],methods=[POST]}" onto public void com.course.springbootstarter.topic.TopicController.addTopic(com.course.springbootstarter.topic.Topic)
2018-04-20 15:10:42.073  INFO 4155 --- [main] s.w.s.m.m.a.RequestMappingHandlerMapping : Mapped "{[/topics/{id}],methods=[DELETE]}" onto public void com.course.springbootstarter.topic.TopicController.deleteTopic(java.lang.String)
2018-04-20 15:10:42.090  INFO 4155 --- [main] s.w.s.m.m.a.RequestMappingHandlerMapping : Mapped "{[/user/updateLokasiSurat/{no}],methods=[PUT]}" onto public void com.course.springbootstarter.lokasisurat.LokasiSuratController.updateLokasiSurat(com.course.springbootstarter.lokasisurat.LokasiSurat,java.lang.String)
2018-04-20 15:10:42.092  INFO 4155 --- [main] s.w.s.m.m.a.RequestMappingHandlerMapping : Mapped "{[/user/deleteLokasiSurat/{no}],methods=[DELETE]}" onto public void com.course.springbootstarter.lokasisurat.LokasiSuratController.deleteLokasiSurat(java.lang.String)
2018-04-20 15:10:42.093  INFO 4155 --- [main] s.w.s.m.m.a.RequestMappingHandlerMapping : Mapped "{[/user/lokasisurats]}" onto public java.util.List<com.course.springbootstarter.lokasisurat.LokasiSurat> com.course.springbootstarter.lokasisurat.LokasiSuratController.getAllLokasiSurats()
2018-04-20 15:10:42.095  INFO 4155 --- [main] s.w.s.m.m.a.RequestMappingHandlerMapping : Mapped "{[/user/lokasisurats/{no}]}" onto public com.course.springbootstarter.lokasisurat.LokasiSurat com.course.springbootstarter.lokasisurat.LokasiSuratController.getLokasiSurat(java.lang.String)
2018-04-20 15:10:42.096  INFO 4155 --- [main] s.w.s.m.m.a.RequestMappingHandlerMapping : Mapped "{[/user/lokasisurats],methods=[POST]}" onto public void com.course.springbootstarter.lokasisurat.LokasiSuratController.addLokasiSurat(com.course.springbootstarter.lokasisurat.LokasiSurat)
2018-04-20 15:10:42.112  INFO 4155 --- [main] s.w.s.m.m.a.RequestMappingHandlerMapping : Mapped "{[/user/kegiatans]}" onto public java.util.List<com.course.springbootstarter.kegiatan.Kegiatan> com.course.springbootstarter.kegiatan.KegiatanController.getAllKegiatans()
2018-04-20 15:10:42.114  INFO 4155 --- [main] s.w.s.m.m.a.RequestMappingHandlerMapping : Mapped "{[/user/kegiatans/{kode}]}" onto public com.course.springbootstarter.kegiatan.Kegiatan com.course.springbootstarter.kegiatan.KegiatanController.getKegiatan(java.lang.String)
2018-04-20 15:10:42.115  INFO 4155 --- [main] s.w.s.m.m.a.RequestMappingHandlerMapping : Mapped "{[/user/kegiatans],methods=[POST]}" onto public void com.course.springbootstarter.kegiatan.KegiatanController.addKegiatan(com.course.springbootstarter.kegiatan.Kegiatan)
2018-04-20 15:10:42.116  INFO 4155 --- [main] s.w.s.m.m.a.RequestMappingHandlerMapping : Mapped "{[/user/kegiatans/{kode}],methods=[DELETE]}" onto public void com.course.springbootstarter.kegiatan.KegiatanController.deleteKegiatan(java.lang.String)
2018-04-20 15:10:42.117  INFO 4155 --- [main] s.w.s.m.m.a.RequestMappingHandlerMapping : Mapped "{[/user/kegiatans/{kode}],methods=[PUT]}" onto public void com.course.springbootstarter.kegiatan.KegiatanController.updateTopic(com.course.springbootstarter.kegiatan.Kegiatan,java.lang.String)
2018-04-20 15:10:42.124  INFO 4155 --- [main] s.w.s.m.m.a.RequestMappingHandlerMapping : Mapped "{[/user/daftarhunianbads/{no}],methods=[PUT]}" onto public void com.course.springbootstarter.daftarhunianbad.DaftarhunianbadController.updateTopic(com.course.springbootstarter.daftarhunianbad.Daftarhunianbad,java.lang.String)
2018-04-20 15:10:42.126  INFO 4155 --- [main] s.w.s.m.m.a.RequestMappingHandlerMapping : Mapped "{[/user/daftarhunianbads]}" onto public java.util.List<com.course.springbootstarter.daftarhunianbad.Daftarhunianbad> com.course.springbootstarter.daftarhunianbad.DaftarhunianbadController.getAllDaftarhunianbads()
2018-04-20 15:10:42.127  INFO 4155 --- [main] s.w.s.m.m.a.RequestMappingHandlerMapping : Mapped "{[/user/daftarhunianbads/{no}]}" onto public com.course.springbootstarter.daftarhunianbad.Daftarhunianbad com.course.springbootstarter.daftarhunianbad.DaftarhunianbadController.getDaftarhunianbad(java.lang.String)
2018-04-20 15:10:42.128  INFO 4155 --- [main] s.w.s.m.m.a.RequestMappingHandlerMapping : Mapped "{[/user/daftarhunianbads],methods=[POST]}" onto public void com.course.springbootstarter.daftarhunianbad.DaftarhunianbadController.addDaftarhunianbad(com.course.springbootstarter.daftarhunianbad.Daftarhunianbad)
2018-04-20 15:10:42.129  INFO 4155 --- [main] s.w.s.m.m.a.RequestMappingHandlerMapping : Mapped "{[/user/daftarhunianbads/{no}],methods=[DELETE]}" onto public void com.course.springbootstarter.daftarhunianbad.DaftarhunianbadController.deleteDaftarhunianbad(java.lang.String)
2018-04-20 15:10:42.135  INFO 4155 --- [main] s.w.s.m.m.a.RequestMappingHandlerMapping : Mapped "{[/user/badrooms/{no}],methods=[PUT]}" onto public void com.course.springbootstarter.badroom.BadroomController.updateTopic(com.course.springbootstarter.badroom.Badroom,java.lang.String)
2018-04-20 15:10:42.137  INFO 4155 --- [main] s.w.s.m.m.a.RequestMappingHandlerMapping : Mapped "{[/user/badrooms]}" onto public java.util.List<com.course.springbootstarter.badroom.Badroom> com.course.springbootstarter.badroom.BadroomController.getAllBadrooms()
2018-04-20 15:10:42.138  INFO 4155 --- [main] s.w.s.m.m.a.RequestMappingHandlerMapping : Mapped "{[/user/badrooms/{no}]}" onto public com.course.springbootstarter.badroom.Badroom com.course.springbootstarter.badroom.BadroomController.getBadroom(java.lang.String)
2018-04-20 15:10:42.139  INFO 4155 --- [main] s.w.s.m.m.a.RequestMappingHandlerMapping : Mapped "{[/user/badrooms],methods=[POST]}" onto public void com.course.springbootstarter.badroom.BadroomController.addBadroom(com.course.springbootstarter.badroom.Badroom)
2018-04-20 15:10:42.140  INFO 4155 --- [main] s.w.s.m.m.a.RequestMappingHandlerMapping : Mapped "{[/user/badrooms/{no}],methods=[DELETE]}" onto public void com.course.springbootstarter.badroom.BadroomController.deleteBadroom(java.lang.String)
2018-04-20 15:10:42.144  INFO 4155 --- [main] s.w.s.m.m.a.RequestMappingHandlerMapping : Mapped "{[/user/surattugas2s]}" onto public java.util.List<com.course.springbootstarter.penugasan.SuratTugas2> com.course.springbootstarter.penugasan.SuratTugas2Controller.getAllSuratTugas2s()
2018-04-20 15:10:42.148  INFO 4155 --- [main] s.w.s.m.m.a.RequestMappingHandlerMapping : Mapped "{[/user/lokasiTujuan2s]}" onto public java.util.List<com.course.springbootstarter.penugasan.LokasiTujuan2> com.course.springbootstarter.penugasan.LokasiTujuan2Controller.getAllLokasiTujuan2s()
2018-04-20 15:10:42.152  INFO 4155 --- [main] s.w.s.m.m.a.RequestMappingHandlerMapping : Mapped "{[/user/lokasiSurats]}" onto public java.util.List<com.course.springbootstarter.penugasan.LokasiSurat2> com.course.springbootstarter.penugasan.LokasiSuratController2.getAllLokasiSurats()
2018-04-20 15:10:42.160  INFO 4155 --- [main] s.w.s.m.m.a.RequestMappingHandlerMapping : Mapped "{[/user/users],methods=[POST]}" onto public void com.course.springbootstarter.login.UserController.addUser(com.course.springbootstarter.login.Users)
2018-04-20 15:10:42.162  INFO 4155 --- [main] s.w.s.m.m.a.RequestMappingHandlerMapping : Mapped "{[/user/users/{no}],methods=[PUT]}" onto public void com.course.springbootstarter.login.UserController.updateTopic(com.course.springbootstarter.login.Users,java.lang.String)
2018-04-20 15:10:42.164  INFO 4155 --- [main] s.w.s.m.m.a.RequestMappingHandlerMapping : Mapped "{[/user/users]}" onto public java.util.List<com.course.springbootstarter.login.Users> com.course.springbootstarter.login.UserController.getAllUsers()
2018-04-20 15:10:42.165  INFO 4155 --- [main] s.w.s.m.m.a.RequestMappingHandlerMapping : Mapped "{[/user/users/{no}],methods=[DELETE]}" onto public void com.course.springbootstarter.login.UserController.deleteUser(java.lang.String)
2018-04-20 15:10:42.167  INFO 4155 --- [main] s.w.s.m.m.a.RequestMappingHandlerMapping : Mapped "{[/user/users/{username}]}" onto public com.course.springbootstarter.login.Users com.course.springbootstarter.login.UserController.getUserByName(java.lang.String)
2018-04-20 15:10:42.175  INFO 4155 --- [main] s.w.s.m.m.a.RequestMappingHandlerMapping : Mapped "{[/user/penyelenggaras]}" onto public java.util.List<com.course.springbootstarter.penyelenggara.Penyelenggara> com.course.springbootstarter.penyelenggara.PenyelenggaraController.getAllPenyelenggaras()
2018-04-20 15:10:42.176  INFO 4155 --- [main] s.w.s.m.m.a.RequestMappingHandlerMapping : Mapped "{[/user/penyelenggaras/{no}]}" onto public com.course.springbootstarter.penyelenggara.Penyelenggara com.course.springbootstarter.penyelenggara.PenyelenggaraController.getPenyelenggara(java.lang.String)
2018-04-20 15:10:42.178  INFO 4155 --- [main] s.w.s.m.m.a.RequestMappingHandlerMapping : Mapped "{[/user/penyelenggaras],methods=[POST]}" onto public void com.course.springbootstarter.penyelenggara.PenyelenggaraController.addPenyelenggara(com.course.springbootstarter.penyelenggara.Penyelenggara)
2018-04-20 15:10:42.179  INFO 4155 --- [main] s.w.s.m.m.a.RequestMappingHandlerMapping : Mapped "{[/user/updatePenyelenggara/{no}],methods=[PUT]}" onto public void com.course.springbootstarter.penyelenggara.PenyelenggaraController.updatePenyelenggara(com.course.springbootstarter.penyelenggara.Penyelenggara,java.lang.String)
2018-04-20 15:10:42.180  INFO 4155 --- [main] s.w.s.m.m.a.RequestMappingHandlerMapping : Mapped "{[/user/deletePenyelenggara/{no}],methods=[DELETE]}" onto public void com.course.springbootstarter.penyelenggara.PenyelenggaraController.deletePenyelenggara(java.lang.String)
2018-04-20 15:10:42.189  INFO 4155 --- [main] s.w.s.m.m.a.RequestMappingHandlerMapping : Mapped "{[/user/surattugasdtls]}" onto public java.util.List<com.course.springbootstarter.surattugasdtl.SuratTugasDtl> com.course.springbootstarter.surattugasdtl.SuratTugasDtlController.getAllSuratTugasDtls()
2018-04-20 15:10:42.190  INFO 4155 --- [main] s.w.s.m.m.a.RequestMappingHandlerMapping : Mapped "{[/user/surattugasdtls/{no}]}" onto public com.course.springbootstarter.surattugasdtl.SuratTugasDtl com.course.springbootstarter.surattugasdtl.SuratTugasDtlController.getSuratTugasDtl(java.lang.String)
2018-04-20 15:10:42.193  INFO 4155 --- [main] s.w.s.m.m.a.RequestMappingHandlerMapping : Mapped "{[/user/surattugasdtls],methods=[POST]}" onto public void com.course.springbootstarter.surattugasdtl.SuratTugasDtlController.addSuratTugasDtl(com.course.springbootstarter.surattugasdtl.SuratTugasDtl)
2018-04-20 15:10:42.194  INFO 4155 --- [main] s.w.s.m.m.a.RequestMappingHandlerMapping : Mapped "{[/user/updateSuratTugasDtl/{no}],methods=[PUT]}" onto public void com.course.springbootstarter.surattugasdtl.SuratTugasDtlController.updateSuratTugasDtl(com.course.springbootstarter.surattugasdtl.SuratTugasDtl,java.lang.String)
2018-04-20 15:10:42.195  INFO 4155 --- [main] s.w.s.m.m.a.RequestMappingHandlerMapping : Mapped "{[/user/deleteSuratTugasDtl/{no}],methods=[DELETE]}" onto public void com.course.springbootstarter.surattugasdtl.SuratTugasDtlController.deleteSuratTugasDtl(java.lang.String)
2018-04-20 15:10:42.202  INFO 4155 --- [main] s.w.s.m.m.a.RequestMappingHandlerMapping : Mapped "{[/user/getAllQueriDfrtHunianHdrDtls]}" onto public java.util.List<com.course.springbootstarter.daftarhunian.asrama.QueriDfrtHunianHdrDtl> com.course.springbootstarter.daftarhunian.asrama.DaftarHunianAsramaController.getAllQueriDfrtHunianHdrDtls()
2018-04-20 15:10:42.203  INFO 4155 --- [main] s.w.s.m.m.a.RequestMappingHandlerMapping : Mapped "{[/user/gsonAllQueriDfrtHunianHdrDtls]}" onto public java.lang.String com.course.springbootstarter.daftarhunian.asrama.DaftarHunianAsramaController.gsonQueryDftrHunianHdrDtls()
2018-04-20 15:10:42.205  INFO 4155 --- [main] s.w.s.m.m.a.RequestMappingHandlerMapping : Mapped "{[/user/getAllDaftarHunianAsramas]}" onto public java.util.List<com.course.springbootstarter.daftarhunian.asrama.DaftarHunianAsrama> com.course.springbootstarter.daftarhunian.asrama.DaftarHunianAsramaController.getAllDaftarhunianAsramas()
2018-04-20 15:10:42.211  INFO 4155 --- [main] s.w.s.m.m.a.RequestMappingHandlerMapping : Mapped "{[/user/getAllRoomsUsed]}" onto public java.util.List<com.course.springbootstarter.daftarhunian.asrama.Room> com.course.springbootstarter.daftarhunian.asrama.DaftarHunianAsramaController.getAllRoomsUsed()
2018-04-20 15:10:42.222  INFO 4155 --- [main] s.w.s.m.m.a.RequestMappingHandlerMapping : Mapped "{[/user/daftarhunianHdrs]}" onto public java.util.List<com.course.springbootstarter.daftarhunian.DaftarhunianHdr> com.course.springbootstarter.daftarhunian.DaftarhunianHdrController.getAllDaftarhunianHdrs()
2018-04-20 15:10:42.225  INFO 4155 --- [main] s.w.s.m.m.a.RequestMappingHandlerMapping : Mapped "{[/user/daftarhunianHdrs/{no}]}" onto public com.course.springbootstarter.daftarhunian.DaftarhunianHdr com.course.springbootstarter.daftarhunian.DaftarhunianHdrController.getDaftarhunianHdr(java.lang.String)
2018-04-20 15:10:42.226  INFO 4155 --- [main] s.w.s.m.m.a.RequestMappingHandlerMapping : Mapped "{[/user/daftarhunianHdrs],methods=[POST]}" onto public void com.course.springbootstarter.daftarhunian.DaftarhunianHdrController.addDaftarhunianHdr(com.course.springbootstarter.daftarhunian.DaftarhunianHdr)
2018-04-20 15:10:42.227  INFO 4155 --- [main] s.w.s.m.m.a.RequestMappingHandlerMapping : Mapped "{[/user/daftarhunianHdrs/{no}],methods=[DELETE]}" onto public void com.course.springbootstarter.daftarhunian.DaftarhunianHdrController.deleteDaftarhunianHdr(java.lang.String)
2018-04-20 15:10:42.228  INFO 4155 --- [main] s.w.s.m.m.a.RequestMappingHandlerMapping : Mapped "{[/user/daftarhunianHdrs/{no}],methods=[PUT]}" onto public void com.course.springbootstarter.daftarhunian.DaftarhunianHdrController.updateTopic(com.course.springbootstarter.daftarhunian.DaftarhunianHdr,java.lang.String)
2018-04-20 15:10:42.240  INFO 4155 --- [main] s.w.s.m.m.a.RequestMappingHandlerMapping : Mapped "{[/user/kamars]}" onto public java.util.List<com.course.springbootstarter.kamar.Kamar> com.course.springbootstarter.kamar.KamarController.getAllKamars()
2018-04-20 15:10:42.242  INFO 4155 --- [main] s.w.s.m.m.a.RequestMappingHandlerMapping : Mapped "{[/user/kamars/{no}]}" onto public com.course.springbootstarter.kamar.Kamar com.course.springbootstarter.kamar.KamarController.getKamar(java.lang.String)
2018-04-20 15:10:42.250  INFO 4155 --- [main] s.w.s.m.m.a.RequestMappingHandlerMapping : Mapped "{[/user/kamars],methods=[POST]}" onto public void com.course.springbootstarter.kamar.KamarController.addKamar(com.course.springbootstarter.kamar.Kamar)
2018-04-20 15:10:42.251  INFO 4155 --- [main] s.w.s.m.m.a.RequestMappingHandlerMapping : Mapped "{[/user/updateKamar/{no}],methods=[PUT]}" onto public void com.course.springbootstarter.kamar.KamarController.updateKamar(com.course.springbootstarter.kamar.Kamar,java.lang.String)
2018-04-20 15:10:42.254  INFO 4155 --- [main] s.w.s.m.m.a.RequestMappingHandlerMapping : Mapped "{[/user/deleteKamar/{no}],methods=[DELETE]}" onto public void com.course.springbootstarter.kamar.KamarController.deleteKamar(java.lang.String)
2018-04-20 15:10:42.265  INFO 4155 --- [main] s.w.s.m.m.a.RequestMappingHandlerMapping : Mapped "{[/user/surattugass]}" onto public java.util.List<com.course.springbootstarter.surattugas.SuratTugas> com.course.springbootstarter.surattugas.SuratTugasController.getAllSuratTugass()
2018-04-20 15:10:42.266  INFO 4155 --- [main] s.w.s.m.m.a.RequestMappingHandlerMapping : Mapped "{[/user/surattugass/{no}]}" onto public com.course.springbootstarter.surattugas.SuratTugas com.course.springbootstarter.surattugas.SuratTugasController.getSuratTugas(java.lang.String)
2018-04-20 15:10:42.268  INFO 4155 --- [main] s.w.s.m.m.a.RequestMappingHandlerMapping : Mapped "{[/user/surattugass],methods=[POST]}" onto public void com.course.springbootstarter.surattugas.SuratTugasController.addSuratTugas(com.course.springbootstarter.surattugas.SuratTugas)
2018-04-20 15:10:42.269  INFO 4155 --- [main] s.w.s.m.m.a.RequestMappingHandlerMapping : Mapped "{[/user/updateSuratTugas/{no}],methods=[PUT]}" onto public void com.course.springbootstarter.surattugas.SuratTugasController.updateSuratTugas(com.course.springbootstarter.surattugas.SuratTugas,java.lang.String)
2018-04-20 15:10:42.270  INFO 4155 --- [main] s.w.s.m.m.a.RequestMappingHandlerMapping : Mapped "{[/user/deleteSuratTugas/{no}],methods=[DELETE]}" onto public void com.course.springbootstarter.surattugas.SuratTugasController.deleteSuratTugas(java.lang.String)
2018-04-20 15:10:42.277  INFO 4155 --- [main] s.w.s.m.m.a.RequestMappingHandlerMapping : Mapped "{[/user/pegawais]}" onto public java.util.List<com.course.springbootstarter.pegawai.Pegawai> com.course.springbootstarter.pegawai.PegawaiController.getAllPegawais()
2018-04-20 15:10:42.278  INFO 4155 --- [main] s.w.s.m.m.a.RequestMappingHandlerMapping : Mapped "{[/user/pegawais/{nip}]}" onto public com.course.springbootstarter.pegawai.Pegawai com.course.springbootstarter.pegawai.PegawaiController.getPegawai(java.lang.String)
2018-04-20 15:10:42.279  INFO 4155 --- [main] s.w.s.m.m.a.RequestMappingHandlerMapping : Mapped "{[/user/pegawais],methods=[POST]}" onto public void com.course.springbootstarter.pegawai.PegawaiController.addPegawai(com.course.springbootstarter.pegawai.Pegawai)
2018-04-20 15:10:42.280  INFO 4155 --- [main] s.w.s.m.m.a.RequestMappingHandlerMapping : Mapped "{[/user/pegawais/{nip}],methods=[DELETE]}" onto public void com.course.springbootstarter.pegawai.PegawaiController.deletePegawai(java.lang.String)
2018-04-20 15:10:42.281  INFO 4155 --- [main] s.w.s.m.m.a.RequestMappingHandlerMapping : Mapped "{[/user/pegawais/{nip}],methods=[PUT]}" onto public void com.course.springbootstarter.pegawai.PegawaiController.updateTopic(com.course.springbootstarter.pegawai.Pegawai,java.lang.String)
2018-04-20 15:10:42.301  INFO 4155 --- [main] s.w.s.m.m.a.RequestMappingHandlerMapping : Mapped "{[/error],produces=[text/html]}" onto public org.springframework.web.servlet.ModelAndView org.springframework.boot.autoconfigure.web.BasicErrorController.errorHtml(javax.servlet.http.HttpServletRequest,javax.servlet.http.HttpServletResponse)
2018-04-20 15:10:42.304  INFO 4155 --- [main] s.w.s.m.m.a.RequestMappingHandlerMapping : Mapped "{[/error]}" onto public org.springframework.http.ResponseEntity<java.util.Map<java.lang.String, java.lang.Object>> org.springframework.boot.autoconfigure.web.BasicErrorController.error(javax.servlet.http.HttpServletRequest)
2018-04-20 15:10:42.621  INFO 4155 --- [main] o.s.w.s.handler.SimpleUrlHandlerMapping  : Mapped URL path [/webjars/**] onto handler of type [class org.springframework.web.servlet.resource.ResourceHttpRequestHandler]
2018-04-20 15:10:42.622  INFO 4155 --- [main] o.s.w.s.handler.SimpleUrlHandlerMapping  : Mapped URL path [/**] onto handler of type [class org.springframework.web.servlet.resource.ResourceHttpRequestHandler]
2018-04-20 15:10:42.960  INFO 4155 --- [main] o.s.w.s.handler.SimpleUrlHandlerMapping  : Mapped URL path [/**/favicon.ico] onto handler of type [class org.springframework.web.servlet.resource.ResourceHttpRequestHandler]
2018-04-20 15:10:45.281  INFO 4155 --- [main] o.s.j.e.a.AnnotationMBeanExporter        : Registering beans for JMX exposure on startup
2018-04-20 15:10:45.642  INFO 4155 --- [main] s.b.c.e.t.TomcatEmbeddedServletContainer : Tomcat started on port(s): 8080 (http)
2018-04-20 15:10:45.669  INFO 4155 --- [main] c.course.springbootstarter.CourseApiApp  : Started CourseApiApp in 48.64 seconds (JVM running for 50.873)
2018-04-20 15:12:01.478  INFO 4155 --- [http-nio-8080-exec-1] o.a.c.c.C.[Tomcat].[localhost].[/]       : Initializing Spring FrameworkServlet 'dispatcherServlet'
2018-04-20 15:12:01.479  INFO 4155 --- [http-nio-8080-exec-1] o.s.web.servlet.DispatcherServlet        : FrameworkServlet 'dispatcherServlet': initialization started
2018-04-20 15:12:01.612  INFO 4155 --- [http-nio-8080-exec-1] o.s.web.servlet.DispatcherServlet        : FrameworkServlet 'dispatcherServlet': initialization completed in 132 ms
2018-04-20 15:12:01.939  WARN 4155 --- [http-nio-8080-exec-1] o.h.hql.internal.ast.HqlSqlWalker        : [DEPRECATION] Encountered positional parameter near line 1, column 77 in HQL: [SELECT u FROM com.course.springbootstarter.entity.UserInfo u WHERE userName=? and enabled=?].  Positional parameter are considered deprecated; use named parameters or JPA-style positional parameters instead.
2018-04-20 15:12:01.950  WARN 4155 --- [http-nio-8080-exec-1] o.h.hql.internal.ast.HqlSqlWalker        : [DEPRECATION] Encountered positional parameter near line 1, column 91 in HQL: [SELECT u FROM com.course.springbootstarter.entity.UserInfo u WHERE userName=? and enabled=?].  Positional parameter are considered deprecated; use named parameters or JPA-style positional parameters instead.
2018-04-20 15:12:02.058 DEBUG 4155 --- [http-nio-8080-exec-1] org.hibernate.SQL                        : 
    select
        userinfo0_.username as username1_13_,
        userinfo0_.country as country2_13_,
        userinfo0_.enabled as enabled3_13_,
        userinfo0_.full_name as full_nam4_13_,
        userinfo0_.password as password5_13_,
        userinfo0_.role as role6_13_ 
    from
        users userinfo0_ 
    where
        userinfo0_.username=? 
        and userinfo0_.enabled=?
2018-04-20 15:12:02.121 TRACE 4155 --- [http-nio-8080-exec-1] o.h.type.descriptor.sql.BasicBinder      : binding parameter [1] as [VARCHAR] - [tarun]
2018-04-20 15:12:02.128 TRACE 4155 --- [http-nio-8080-exec-1] o.h.type.descriptor.sql.BasicBinder      : binding parameter [2] as [SMALLINT] - [1]
2018-04-20 15:12:03.202 DEBUG 4155 --- [http-nio-8080-exec-1] org.hibernate.SQL                        : 
    select
        daftarhuni0_.no_trx as no_trx1_3_,
        daftarhuni0_.jml_peserta as jml_pese2_3_,
        daftarhuni0_.kode_kegiatan as kode_keg3_3_,
        daftarhuni0_.penyelenggara as penyelen4_3_,
        daftarhuni0_.sudah_selesai as sudah_se5_3_,
        daftarhuni0_.tgl_mulai as tgl_mula6_3_,
        daftarhuni0_.tgl_selesai as tgl_sele7_3_ 
    from
        daftarhunian_hdr daftarhuni0_
2018-04-20 15:12:03.687 DEBUG 4155 --- [http-nio-8080-exec-1] org.hibernate.SQL                        : 
    select
        daftarhuni0_.no_trx as no_trx2_2_0_,
        daftarhuni0_.no_kamar as no_kamar1_2_0_,
        daftarhuni0_.no_kamar as no_kamar1_2_1_,
        daftarhuni0_.no_trx as no_trx2_2_1_,
        daftarhuni0_.seq_no as seq_no3_2_1_,
        room1_.no as no1_5_2_,
        room1_.jml_tt as jml_tt2_5_2_,
        room1_.lantai as lantai3_5_2_,
        room1_.url_picture as url_pict4_5_2_ 
    from
        daftarhunian_dtl daftarhuni0_ 
    inner join
        kamar room1_ 
            on daftarhuni0_.no_kamar=room1_.no 
    where
        daftarhuni0_.no_trx=?
2018-04-20 15:12:03.692 TRACE 4155 --- [http-nio-8080-exec-1] o.h.type.descriptor.sql.BasicBinder      : binding parameter [1] as [INTEGER] - [1]
2018-04-20 15:12:03.848 DEBUG 4155 --- [http-nio-8080-exec-1] org.hibernate.SQL                        : 
    select
        daftarhuni0_.no_trx as no_trx2_2_0_,
        daftarhuni0_.no_kamar as no_kamar1_2_0_,
        daftarhuni0_.no_kamar as no_kamar1_2_1_,
        daftarhuni0_.no_trx as no_trx2_2_1_,
        daftarhuni0_.seq_no as seq_no3_2_1_,
        room1_.no as no1_5_2_,
        room1_.jml_tt as jml_tt2_5_2_,
        room1_.lantai as lantai3_5_2_,
        room1_.url_picture as url_pict4_5_2_ 
    from
        daftarhunian_dtl daftarhuni0_ 
    inner join
        kamar room1_ 
            on daftarhuni0_.no_kamar=room1_.no 
    where
        daftarhuni0_.no_trx=?
2018-04-20 15:12:03.849 TRACE 4155 --- [http-nio-8080-exec-1] o.h.type.descriptor.sql.BasicBinder      : binding parameter [1] as [INTEGER] - [2]
2018-04-20 15:12:08.949 DEBUG 4155 --- [http-nio-8080-exec-3] org.hibernate.SQL                        : 
    select
        daftarhuni0_.no_trx as no_trx1_3_,
        daftarhuni0_.jml_peserta as jml_pese2_3_,
        daftarhuni0_.kode_kegiatan as kode_keg3_3_,
        daftarhuni0_.penyelenggara as penyelen4_3_,
        daftarhuni0_.sudah_selesai as sudah_se5_3_,
        daftarhuni0_.tgl_mulai as tgl_mula6_3_,
        daftarhuni0_.tgl_selesai as tgl_sele7_3_ 
    from
        daftarhunian_hdr daftarhuni0_
2018-04-20 15:12:08.961 DEBUG 4155 --- [http-nio-8080-exec-3] org.hibernate.SQL                        : 
    select
        daftarhuni0_.no_trx as no_trx2_2_0_,
        daftarhuni0_.no_kamar as no_kamar1_2_0_,
        daftarhuni0_.no_kamar as no_kamar1_2_1_,
        daftarhuni0_.no_trx as no_trx2_2_1_,
        daftarhuni0_.seq_no as seq_no3_2_1_,
        room1_.no as no1_5_2_,
        room1_.jml_tt as jml_tt2_5_2_,
        room1_.lantai as lantai3_5_2_,
        room1_.url_picture as url_pict4_5_2_ 
    from
        daftarhunian_dtl daftarhuni0_ 
    inner join
        kamar room1_ 
            on daftarhuni0_.no_kamar=room1_.no 
    where
        daftarhuni0_.no_trx=?
2018-04-20 15:12:08.964 TRACE 4155 --- [http-nio-8080-exec-3] o.h.type.descriptor.sql.BasicBinder      : binding parameter [1] as [INTEGER] - [1]
2018-04-20 15:12:08.971 DEBUG 4155 --- [http-nio-8080-exec-3] org.hibernate.SQL                        : 
    select
        daftarhuni0_.no_trx as no_trx2_2_0_,
        daftarhuni0_.no_kamar as no_kamar1_2_0_,
        daftarhuni0_.no_kamar as no_kamar1_2_1_,
        daftarhuni0_.no_trx as no_trx2_2_1_,
        daftarhuni0_.seq_no as seq_no3_2_1_,
        room1_.no as no1_5_2_,
        room1_.jml_tt as jml_tt2_5_2_,
        room1_.lantai as lantai3_5_2_,
        room1_.url_picture as url_pict4_5_2_ 
    from
        daftarhunian_dtl daftarhuni0_ 
    inner join
        kamar room1_ 
            on daftarhuni0_.no_kamar=room1_.no 
    where
        daftarhuni0_.no_trx=?
2018-04-20 15:12:08.977 TRACE 4155 --- [http-nio-8080-exec-3] o.h.type.descriptor.sql.BasicBinder      : binding parameter [1] as [INTEGER] - [2]
2018-04-20 15:13:05.731  INFO 4155 --- [Thread-4] ationConfigEmbeddedWebApplicationContext : Closing org.springframework.boot.context.embedded.AnnotationConfigEmbeddedWebApplicationContext@1ab930d: startup date [Fri Apr 20 15:10:00 WITA 2018]; root of context hierarchy
2018-04-20 15:13:05.747  INFO 4155 --- [Thread-4] o.s.j.e.a.AnnotationMBeanExporter        : Unregistering JMX-exposed beans on shutdown
2018-04-20 15:13:05.806  INFO 4155 --- [Thread-4] j.LocalContainerEntityManagerFactoryBean : Closing JPA EntityManagerFactory for persistence unit 'default'
